[22-Jul-2021 06:13:29 UTC] rows 7
[22-Jul-2021 06:15:59 UTC] rows 0
[22-Jul-2021 06:16:23 UTC] rows 1
[22-Jul-2021 06:26:34 UTC] PHP Fatal error:  Allowed memory size of 268435456 bytes exhausted (tried to allocate 8192 bytes) in /Users/jacob-ian/dev/gsquared-challenge/wp-includes/capabilities.php on line 1058
[22-Jul-2021 06:26:43 UTC] PHP Notice:  Undefined index: show_faq_image in /Users/jacob-ian/dev/gsquared-challenge/wp-content/plugins/easy-faqs/include/widgets/list_faqs_widget.php on line 143
[22-Jul-2021 06:26:43 UTC] PHP Notice:  Undefined index: group_by_category in /Users/jacob-ian/dev/gsquared-challenge/wp-content/plugins/easy-faqs/include/widgets/list_faqs_widget.php on line 147
[22-Jul-2021 06:26:43 UTC] PHP Notice:  Undefined index: quick_links in /Users/jacob-ian/dev/gsquared-challenge/wp-content/plugins/easy-faqs/include/widgets/list_faqs_widget.php on line 148
[22-Jul-2021 06:26:43 UTC] PHP Notice:  Undefined index: use_excerpt in /Users/jacob-ian/dev/gsquared-challenge/wp-content/plugins/easy-faqs/include/widgets/list_faqs_widget.php on line 151
[22-Jul-2021 06:26:58 UTC] PHP Notice:  Undefined index: show_faq_image in /Users/jacob-ian/dev/gsquared-challenge/wp-content/plugins/easy-faqs/include/widgets/list_faqs_widget.php on line 143
[22-Jul-2021 06:26:58 UTC] PHP Notice:  Undefined index: group_by_category in /Users/jacob-ian/dev/gsquared-challenge/wp-content/plugins/easy-faqs/include/widgets/list_faqs_widget.php on line 147
[22-Jul-2021 06:26:58 UTC] PHP Notice:  Undefined index: quick_links in /Users/jacob-ian/dev/gsquared-challenge/wp-content/plugins/easy-faqs/include/widgets/list_faqs_widget.php on line 148
[22-Jul-2021 06:26:58 UTC] PHP Notice:  Undefined index: use_excerpt in /Users/jacob-ian/dev/gsquared-challenge/wp-content/plugins/easy-faqs/include/widgets/list_faqs_widget.php on line 151
[22-Jul-2021 06:27:02 UTC] PHP Notice:  Undefined index: show_faq_image in /Users/jacob-ian/dev/gsquared-challenge/wp-content/plugins/easy-faqs/include/widgets/list_faqs_widget.php on line 143
[22-Jul-2021 06:27:02 UTC] PHP Notice:  Undefined index: group_by_category in /Users/jacob-ian/dev/gsquared-challenge/wp-content/plugins/easy-faqs/include/widgets/list_faqs_widget.php on line 147
[22-Jul-2021 06:27:02 UTC] PHP Notice:  Undefined index: quick_links in /Users/jacob-ian/dev/gsquared-challenge/wp-content/plugins/easy-faqs/include/widgets/list_faqs_widget.php on line 148
[22-Jul-2021 06:27:02 UTC] PHP Notice:  Undefined index: use_excerpt in /Users/jacob-ian/dev/gsquared-challenge/wp-content/plugins/easy-faqs/include/widgets/list_faqs_widget.php on line 151
[22-Jul-2021 06:27:07 UTC] PHP Notice:  Undefined index: show_faq_image in /Users/jacob-ian/dev/gsquared-challenge/wp-content/plugins/easy-faqs/include/widgets/list_faqs_widget.php on line 143
[22-Jul-2021 06:27:07 UTC] PHP Notice:  Undefined index: group_by_category in /Users/jacob-ian/dev/gsquared-challenge/wp-content/plugins/easy-faqs/include/widgets/list_faqs_widget.php on line 147
[22-Jul-2021 06:27:07 UTC] PHP Notice:  Undefined index: quick_links in /Users/jacob-ian/dev/gsquared-challenge/wp-content/plugins/easy-faqs/include/widgets/list_faqs_widget.php on line 148
[22-Jul-2021 06:27:07 UTC] PHP Notice:  Undefined index: use_excerpt in /Users/jacob-ian/dev/gsquared-challenge/wp-content/plugins/easy-faqs/include/widgets/list_faqs_widget.php on line 151
[22-Jul-2021 06:27:31 UTC] PHP Fatal error:  Allowed memory size of 268435456 bytes exhausted (tried to allocate 8192 bytes) in /Users/jacob-ian/dev/gsquared-challenge/wp-includes/capabilities.php on line 1058
[22-Jul-2021 06:27:31 UTC] PHP Fatal error:  Allowed memory size of 268435456 bytes exhausted (tried to allocate 20480 bytes) in /Users/jacob-ian/dev/gsquared-challenge/wp-includes/plugin.php on line 190
[22-Jul-2021 06:30:30 UTC] PHP Notice:  Undefined index: show_faq_image in /Users/jacob-ian/dev/gsquared-challenge/wp-content/plugins/easy-faqs/include/widgets/list_faqs_widget.php on line 143
[22-Jul-2021 06:30:30 UTC] PHP Notice:  Undefined index: group_by_category in /Users/jacob-ian/dev/gsquared-challenge/wp-content/plugins/easy-faqs/include/widgets/list_faqs_widget.php on line 147
[22-Jul-2021 06:30:30 UTC] PHP Notice:  Undefined index: quick_links in /Users/jacob-ian/dev/gsquared-challenge/wp-content/plugins/easy-faqs/include/widgets/list_faqs_widget.php on line 148
[22-Jul-2021 06:30:30 UTC] PHP Notice:  Undefined index: use_excerpt in /Users/jacob-ian/dev/gsquared-challenge/wp-content/plugins/easy-faqs/include/widgets/list_faqs_widget.php on line 151
[22-Jul-2021 06:51:22 UTC] PHP Notice:  Undefined index: show_faq_image in /Users/jacob-ian/dev/gsquared-challenge/wp-content/plugins/easy-faqs/include/widgets/list_faqs_widget.php on line 143
[22-Jul-2021 06:51:22 UTC] PHP Notice:  Undefined index: group_by_category in /Users/jacob-ian/dev/gsquared-challenge/wp-content/plugins/easy-faqs/include/widgets/list_faqs_widget.php on line 147
[22-Jul-2021 06:51:22 UTC] PHP Notice:  Undefined index: quick_links in /Users/jacob-ian/dev/gsquared-challenge/wp-content/plugins/easy-faqs/include/widgets/list_faqs_widget.php on line 148
[22-Jul-2021 06:51:22 UTC] PHP Notice:  Undefined index: use_excerpt in /Users/jacob-ian/dev/gsquared-challenge/wp-content/plugins/easy-faqs/include/widgets/list_faqs_widget.php on line 151
[22-Jul-2021 07:44:22 UTC] PHP Notice:  wp_enqueue_script was called <strong>incorrectly</strong>. Scripts and styles should not be registered or enqueued until the <code>wp_enqueue_scripts</code>, <code>admin_enqueue_scripts</code>, or <code>login_enqueue_scripts</code> hooks. This notice was triggered by the <code>main</code> handle. Please see <a href="https://wordpress.org/support/article/debugging-in-wordpress/">Debugging in WordPress</a> for more information. (This message was added in version 3.3.0.) in /Users/jacob-ian/dev/gsquared-challenge/wp-includes/functions.php on line 5313
[22-Jul-2021 07:44:22 UTC] PHP Notice:  Undefined offset: 0 in /Users/jacob-ian/dev/gsquared-challenge/wp-includes/plugin.php on line 928
[22-Jul-2021 07:44:22 UTC] PHP Notice:  Undefined offset: 0 in /Users/jacob-ian/dev/gsquared-challenge/wp-includes/plugin.php on line 931
[22-Jul-2021 07:44:22 UTC] PHP Warning:  call_user_func_array() expects parameter 1 to be a valid callback, no array or string given in /Users/jacob-ian/dev/gsquared-challenge/wp-includes/class-wp-hook.php on line 292
[22-Jul-2021 07:45:48 UTC] PHP Notice:  wp_enqueue_script was called <strong>incorrectly</strong>. Scripts and styles should not be registered or enqueued until the <code>wp_enqueue_scripts</code>, <code>admin_enqueue_scripts</code>, or <code>login_enqueue_scripts</code> hooks. This notice was triggered by the <code>main</code> handle. Please see <a href="https://wordpress.org/support/article/debugging-in-wordpress/">Debugging in WordPress</a> for more information. (This message was added in version 3.3.0.) in /Users/jacob-ian/dev/gsquared-challenge/wp-includes/functions.php on line 5313
[22-Jul-2021 07:45:48 UTC] PHP Notice:  Undefined offset: 0 in /Users/jacob-ian/dev/gsquared-challenge/wp-includes/plugin.php on line 928
[22-Jul-2021 07:45:48 UTC] PHP Notice:  Undefined offset: 0 in /Users/jacob-ian/dev/gsquared-challenge/wp-includes/plugin.php on line 931
[22-Jul-2021 07:45:48 UTC] PHP Warning:  call_user_func_array() expects parameter 1 to be a valid callback, no array or string given in /Users/jacob-ian/dev/gsquared-challenge/wp-includes/class-wp-hook.php on line 292
[22-Jul-2021 07:46:17 UTC] PHP Notice:  wp_enqueue_script was called <strong>incorrectly</strong>. Scripts and styles should not be registered or enqueued until the <code>wp_enqueue_scripts</code>, <code>admin_enqueue_scripts</code>, or <code>login_enqueue_scripts</code> hooks. This notice was triggered by the <code>main</code> handle. Please see <a href="https://wordpress.org/support/article/debugging-in-wordpress/">Debugging in WordPress</a> for more information. (This message was added in version 3.3.0.) in /Users/jacob-ian/dev/gsquared-challenge/wp-includes/functions.php on line 5313
[22-Jul-2021 07:46:17 UTC] PHP Notice:  Undefined offset: 0 in /Users/jacob-ian/dev/gsquared-challenge/wp-includes/plugin.php on line 928
[22-Jul-2021 07:46:17 UTC] PHP Notice:  Undefined offset: 0 in /Users/jacob-ian/dev/gsquared-challenge/wp-includes/plugin.php on line 931
[22-Jul-2021 07:46:35 UTC] PHP Notice:  wp_enqueue_script was called <strong>incorrectly</strong>. Scripts and styles should not be registered or enqueued until the <code>wp_enqueue_scripts</code>, <code>admin_enqueue_scripts</code>, or <code>login_enqueue_scripts</code> hooks. This notice was triggered by the <code>main</code> handle. Please see <a href="https://wordpress.org/support/article/debugging-in-wordpress/">Debugging in WordPress</a> for more information. (This message was added in version 3.3.0.) in /Users/jacob-ian/dev/gsquared-challenge/wp-includes/functions.php on line 5313
[22-Jul-2021 07:46:35 UTC] PHP Notice:  Undefined offset: 0 in /Users/jacob-ian/dev/gsquared-challenge/wp-includes/plugin.php on line 928
[22-Jul-2021 07:46:35 UTC] PHP Notice:  Undefined offset: 0 in /Users/jacob-ian/dev/gsquared-challenge/wp-includes/plugin.php on line 931
[22-Jul-2021 07:46:35 UTC] PHP Warning:  call_user_func_array() expects parameter 1 to be a valid callback, no array or string given in /Users/jacob-ian/dev/gsquared-challenge/wp-includes/class-wp-hook.php on line 292
[22-Jul-2021 07:47:13 UTC] PHP Notice:  wp_enqueue_script was called <strong>incorrectly</strong>. Scripts and styles should not be registered or enqueued until the <code>wp_enqueue_scripts</code>, <code>admin_enqueue_scripts</code>, or <code>login_enqueue_scripts</code> hooks. This notice was triggered by the <code>main</code> handle. Please see <a href="https://wordpress.org/support/article/debugging-in-wordpress/">Debugging in WordPress</a> for more information. (This message was added in version 3.3.0.) in /Users/jacob-ian/dev/gsquared-challenge/wp-includes/functions.php on line 5313
[22-Jul-2021 07:47:13 UTC] PHP Notice:  Undefined offset: 0 in /Users/jacob-ian/dev/gsquared-challenge/wp-includes/plugin.php on line 928
[22-Jul-2021 07:47:13 UTC] PHP Notice:  Undefined offset: 0 in /Users/jacob-ian/dev/gsquared-challenge/wp-includes/plugin.php on line 931
[22-Jul-2021 07:47:14 UTC] PHP Warning:  call_user_func_array() expects parameter 1 to be a valid callback, no array or string given in /Users/jacob-ian/dev/gsquared-challenge/wp-includes/class-wp-hook.php on line 292
[22-Jul-2021 07:47:38 UTC] PHP Notice:  wp_enqueue_script was called <strong>incorrectly</strong>. Scripts and styles should not be registered or enqueued until the <code>wp_enqueue_scripts</code>, <code>admin_enqueue_scripts</code>, or <code>login_enqueue_scripts</code> hooks. This notice was triggered by the <code>main</code> handle. Please see <a href="https://wordpress.org/support/article/debugging-in-wordpress/">Debugging in WordPress</a> for more information. (This message was added in version 3.3.0.) in /Users/jacob-ian/dev/gsquared-challenge/wp-includes/functions.php on line 5313
[22-Jul-2021 07:47:38 UTC] PHP Notice:  Undefined offset: 0 in /Users/jacob-ian/dev/gsquared-challenge/wp-includes/plugin.php on line 928
[22-Jul-2021 07:47:38 UTC] PHP Notice:  Undefined offset: 0 in /Users/jacob-ian/dev/gsquared-challenge/wp-includes/plugin.php on line 931
[22-Jul-2021 07:47:38 UTC] PHP Warning:  call_user_func_array() expects parameter 1 to be a valid callback, no array or string given in /Users/jacob-ian/dev/gsquared-challenge/wp-includes/class-wp-hook.php on line 292
[22-Jul-2021 07:48:15 UTC] PHP Notice:  wp_enqueue_script was called <strong>incorrectly</strong>. Scripts and styles should not be registered or enqueued until the <code>wp_enqueue_scripts</code>, <code>admin_enqueue_scripts</code>, or <code>login_enqueue_scripts</code> hooks. This notice was triggered by the <code>main</code> handle. Please see <a href="https://wordpress.org/support/article/debugging-in-wordpress/">Debugging in WordPress</a> for more information. (This message was added in version 3.3.0.) in /Users/jacob-ian/dev/gsquared-challenge/wp-includes/functions.php on line 5313
[22-Jul-2021 07:48:15 UTC] PHP Notice:  Undefined offset: 0 in /Users/jacob-ian/dev/gsquared-challenge/wp-includes/plugin.php on line 928
[22-Jul-2021 07:48:15 UTC] PHP Notice:  Undefined offset: 0 in /Users/jacob-ian/dev/gsquared-challenge/wp-includes/plugin.php on line 931
[22-Jul-2021 07:48:16 UTC] PHP Warning:  call_user_func_array() expects parameter 1 to be a valid callback, no array or string given in /Users/jacob-ian/dev/gsquared-challenge/wp-includes/class-wp-hook.php on line 292
[22-Jul-2021 07:48:18 UTC] PHP Notice:  wp_enqueue_script was called <strong>incorrectly</strong>. Scripts and styles should not be registered or enqueued until the <code>wp_enqueue_scripts</code>, <code>admin_enqueue_scripts</code>, or <code>login_enqueue_scripts</code> hooks. This notice was triggered by the <code>main</code> handle. Please see <a href="https://wordpress.org/support/article/debugging-in-wordpress/">Debugging in WordPress</a> for more information. (This message was added in version 3.3.0.) in /Users/jacob-ian/dev/gsquared-challenge/wp-includes/functions.php on line 5313
[22-Jul-2021 07:48:18 UTC] PHP Notice:  Undefined offset: 0 in /Users/jacob-ian/dev/gsquared-challenge/wp-includes/plugin.php on line 928
[22-Jul-2021 07:48:18 UTC] PHP Notice:  Undefined offset: 0 in /Users/jacob-ian/dev/gsquared-challenge/wp-includes/plugin.php on line 931
[22-Jul-2021 07:49:02 UTC] PHP Notice:  wp_enqueue_script was called <strong>incorrectly</strong>. Scripts and styles should not be registered or enqueued until the <code>wp_enqueue_scripts</code>, <code>admin_enqueue_scripts</code>, or <code>login_enqueue_scripts</code> hooks. This notice was triggered by the <code>main</code> handle. Please see <a href="https://wordpress.org/support/article/debugging-in-wordpress/">Debugging in WordPress</a> for more information. (This message was added in version 3.3.0.) in /Users/jacob-ian/dev/gsquared-challenge/wp-includes/functions.php on line 5313
[22-Jul-2021 07:49:02 UTC] PHP Notice:  Undefined offset: 0 in /Users/jacob-ian/dev/gsquared-challenge/wp-includes/plugin.php on line 928
[22-Jul-2021 07:49:02 UTC] PHP Notice:  Undefined offset: 0 in /Users/jacob-ian/dev/gsquared-challenge/wp-includes/plugin.php on line 931
[22-Jul-2021 07:49:02 UTC] PHP Warning:  call_user_func_array() expects parameter 1 to be a valid callback, no array or string given in /Users/jacob-ian/dev/gsquared-challenge/wp-includes/class-wp-hook.php on line 292
[22-Jul-2021 07:49:28 UTC] PHP Notice:  wp_enqueue_script was called <strong>incorrectly</strong>. Scripts and styles should not be registered or enqueued until the <code>wp_enqueue_scripts</code>, <code>admin_enqueue_scripts</code>, or <code>login_enqueue_scripts</code> hooks. This notice was triggered by the <code>main</code> handle. Please see <a href="https://wordpress.org/support/article/debugging-in-wordpress/">Debugging in WordPress</a> for more information. (This message was added in version 3.3.0.) in /Users/jacob-ian/dev/gsquared-challenge/wp-includes/functions.php on line 5313
[22-Jul-2021 07:49:28 UTC] PHP Notice:  Undefined offset: 0 in /Users/jacob-ian/dev/gsquared-challenge/wp-includes/plugin.php on line 928
[22-Jul-2021 07:49:28 UTC] PHP Notice:  Undefined offset: 0 in /Users/jacob-ian/dev/gsquared-challenge/wp-includes/plugin.php on line 931
[22-Jul-2021 07:49:28 UTC] PHP Warning:  call_user_func_array() expects parameter 1 to be a valid callback, no array or string given in /Users/jacob-ian/dev/gsquared-challenge/wp-includes/class-wp-hook.php on line 292
[22-Jul-2021 07:49:46 UTC] PHP Notice:  wp_enqueue_script was called <strong>incorrectly</strong>. Scripts and styles should not be registered or enqueued until the <code>wp_enqueue_scripts</code>, <code>admin_enqueue_scripts</code>, or <code>login_enqueue_scripts</code> hooks. This notice was triggered by the <code>main</code> handle. Please see <a href="https://wordpress.org/support/article/debugging-in-wordpress/">Debugging in WordPress</a> for more information. (This message was added in version 3.3.0.) in /Users/jacob-ian/dev/gsquared-challenge/wp-includes/functions.php on line 5313
[22-Jul-2021 07:49:46 UTC] PHP Notice:  Undefined offset: 0 in /Users/jacob-ian/dev/gsquared-challenge/wp-includes/plugin.php on line 928
[22-Jul-2021 07:49:46 UTC] PHP Notice:  Undefined offset: 0 in /Users/jacob-ian/dev/gsquared-challenge/wp-includes/plugin.php on line 931
[22-Jul-2021 07:49:46 UTC] PHP Warning:  call_user_func_array() expects parameter 1 to be a valid callback, no array or string given in /Users/jacob-ian/dev/gsquared-challenge/wp-includes/class-wp-hook.php on line 292
[22-Jul-2021 07:50:12 UTC] PHP Notice:  wp_enqueue_script was called <strong>incorrectly</strong>. Scripts and styles should not be registered or enqueued until the <code>wp_enqueue_scripts</code>, <code>admin_enqueue_scripts</code>, or <code>login_enqueue_scripts</code> hooks. This notice was triggered by the <code>main</code> handle. Please see <a href="https://wordpress.org/support/article/debugging-in-wordpress/">Debugging in WordPress</a> for more information. (This message was added in version 3.3.0.) in /Users/jacob-ian/dev/gsquared-challenge/wp-includes/functions.php on line 5313
[22-Jul-2021 07:50:12 UTC] PHP Notice:  Undefined offset: 0 in /Users/jacob-ian/dev/gsquared-challenge/wp-includes/plugin.php on line 928
[22-Jul-2021 07:50:12 UTC] PHP Notice:  Undefined offset: 0 in /Users/jacob-ian/dev/gsquared-challenge/wp-includes/plugin.php on line 931
[22-Jul-2021 07:50:12 UTC] PHP Warning:  call_user_func_array() expects parameter 1 to be a valid callback, no array or string given in /Users/jacob-ian/dev/gsquared-challenge/wp-includes/class-wp-hook.php on line 292
[22-Jul-2021 07:50:18 UTC] PHP Notice:  wp_enqueue_script was called <strong>incorrectly</strong>. Scripts and styles should not be registered or enqueued until the <code>wp_enqueue_scripts</code>, <code>admin_enqueue_scripts</code>, or <code>login_enqueue_scripts</code> hooks. This notice was triggered by the <code>main</code> handle. Please see <a href="https://wordpress.org/support/article/debugging-in-wordpress/">Debugging in WordPress</a> for more information. (This message was added in version 3.3.0.) in /Users/jacob-ian/dev/gsquared-challenge/wp-includes/functions.php on line 5313
[22-Jul-2021 07:50:18 UTC] PHP Notice:  Undefined offset: 0 in /Users/jacob-ian/dev/gsquared-challenge/wp-includes/plugin.php on line 928
[22-Jul-2021 07:50:18 UTC] PHP Notice:  Undefined offset: 0 in /Users/jacob-ian/dev/gsquared-challenge/wp-includes/plugin.php on line 931
[22-Jul-2021 07:50:51 UTC] PHP Notice:  wp_enqueue_script was called <strong>incorrectly</strong>. Scripts and styles should not be registered or enqueued until the <code>wp_enqueue_scripts</code>, <code>admin_enqueue_scripts</code>, or <code>login_enqueue_scripts</code> hooks. This notice was triggered by the <code>main</code> handle. Please see <a href="https://wordpress.org/support/article/debugging-in-wordpress/">Debugging in WordPress</a> for more information. (This message was added in version 3.3.0.) in /Users/jacob-ian/dev/gsquared-challenge/wp-includes/functions.php on line 5313
[22-Jul-2021 07:50:51 UTC] PHP Notice:  Undefined offset: 0 in /Users/jacob-ian/dev/gsquared-challenge/wp-includes/plugin.php on line 928
[22-Jul-2021 07:50:51 UTC] PHP Notice:  Undefined offset: 0 in /Users/jacob-ian/dev/gsquared-challenge/wp-includes/plugin.php on line 931
[22-Jul-2021 07:50:51 UTC] PHP Warning:  call_user_func_array() expects parameter 1 to be a valid callback, no array or string given in /Users/jacob-ian/dev/gsquared-challenge/wp-includes/class-wp-hook.php on line 292
[22-Jul-2021 07:52:13 UTC] PHP Notice:  wp_enqueue_script was called <strong>incorrectly</strong>. Scripts and styles should not be registered or enqueued until the <code>wp_enqueue_scripts</code>, <code>admin_enqueue_scripts</code>, or <code>login_enqueue_scripts</code> hooks. This notice was triggered by the <code>main</code> handle. Please see <a href="https://wordpress.org/support/article/debugging-in-wordpress/">Debugging in WordPress</a> for more information. (This message was added in version 3.3.0.) in /Users/jacob-ian/dev/gsquared-challenge/wp-includes/functions.php on line 5313
[22-Jul-2021 07:52:13 UTC] PHP Notice:  Undefined offset: 0 in /Users/jacob-ian/dev/gsquared-challenge/wp-includes/plugin.php on line 928
[22-Jul-2021 07:52:13 UTC] PHP Notice:  Undefined offset: 0 in /Users/jacob-ian/dev/gsquared-challenge/wp-includes/plugin.php on line 931
[22-Jul-2021 07:52:14 UTC] PHP Notice:  wp_enqueue_script was called <strong>incorrectly</strong>. Scripts and styles should not be registered or enqueued until the <code>wp_enqueue_scripts</code>, <code>admin_enqueue_scripts</code>, or <code>login_enqueue_scripts</code> hooks. This notice was triggered by the <code>main</code> handle. Please see <a href="https://wordpress.org/support/article/debugging-in-wordpress/">Debugging in WordPress</a> for more information. (This message was added in version 3.3.0.) in /Users/jacob-ian/dev/gsquared-challenge/wp-includes/functions.php on line 5313
[22-Jul-2021 07:52:14 UTC] PHP Notice:  Undefined offset: 0 in /Users/jacob-ian/dev/gsquared-challenge/wp-includes/plugin.php on line 928
[22-Jul-2021 07:52:14 UTC] PHP Notice:  Undefined offset: 0 in /Users/jacob-ian/dev/gsquared-challenge/wp-includes/plugin.php on line 931
[22-Jul-2021 07:52:15 UTC] PHP Notice:  wp_enqueue_script was called <strong>incorrectly</strong>. Scripts and styles should not be registered or enqueued until the <code>wp_enqueue_scripts</code>, <code>admin_enqueue_scripts</code>, or <code>login_enqueue_scripts</code> hooks. This notice was triggered by the <code>main</code> handle. Please see <a href="https://wordpress.org/support/article/debugging-in-wordpress/">Debugging in WordPress</a> for more information. (This message was added in version 3.3.0.) in /Users/jacob-ian/dev/gsquared-challenge/wp-includes/functions.php on line 5313
[22-Jul-2021 07:52:15 UTC] PHP Notice:  Undefined offset: 0 in /Users/jacob-ian/dev/gsquared-challenge/wp-includes/plugin.php on line 928
[22-Jul-2021 07:52:15 UTC] PHP Notice:  Undefined offset: 0 in /Users/jacob-ian/dev/gsquared-challenge/wp-includes/plugin.php on line 931
[22-Jul-2021 07:52:16 UTC] PHP Notice:  wp_enqueue_script was called <strong>incorrectly</strong>. Scripts and styles should not be registered or enqueued until the <code>wp_enqueue_scripts</code>, <code>admin_enqueue_scripts</code>, or <code>login_enqueue_scripts</code> hooks. This notice was triggered by the <code>main</code> handle. Please see <a href="https://wordpress.org/support/article/debugging-in-wordpress/">Debugging in WordPress</a> for more information. (This message was added in version 3.3.0.) in /Users/jacob-ian/dev/gsquared-challenge/wp-includes/functions.php on line 5313
[22-Jul-2021 07:52:16 UTC] PHP Notice:  Undefined offset: 0 in /Users/jacob-ian/dev/gsquared-challenge/wp-includes/plugin.php on line 928
[22-Jul-2021 07:52:16 UTC] PHP Notice:  Undefined offset: 0 in /Users/jacob-ian/dev/gsquared-challenge/wp-includes/plugin.php on line 931
[22-Jul-2021 07:52:16 UTC] PHP Notice:  wp_enqueue_script was called <strong>incorrectly</strong>. Scripts and styles should not be registered or enqueued until the <code>wp_enqueue_scripts</code>, <code>admin_enqueue_scripts</code>, or <code>login_enqueue_scripts</code> hooks. This notice was triggered by the <code>main</code> handle. Please see <a href="https://wordpress.org/support/article/debugging-in-wordpress/">Debugging in WordPress</a> for more information. (This message was added in version 3.3.0.) in /Users/jacob-ian/dev/gsquared-challenge/wp-includes/functions.php on line 5313
[22-Jul-2021 07:52:16 UTC] PHP Notice:  wp_enqueue_script was called <strong>incorrectly</strong>. Scripts and styles should not be registered or enqueued until the <code>wp_enqueue_scripts</code>, <code>admin_enqueue_scripts</code>, or <code>login_enqueue_scripts</code> hooks. This notice was triggered by the <code>main</code> handle. Please see <a href="https://wordpress.org/support/article/debugging-in-wordpress/">Debugging in WordPress</a> for more information. (This message was added in version 3.3.0.) in /Users/jacob-ian/dev/gsquared-challenge/wp-includes/functions.php on line 5313
[22-Jul-2021 07:52:16 UTC] PHP Notice:  Undefined offset: 0 in /Users/jacob-ian/dev/gsquared-challenge/wp-includes/plugin.php on line 928
[22-Jul-2021 07:52:16 UTC] PHP Notice:  Undefined offset: 0 in /Users/jacob-ian/dev/gsquared-challenge/wp-includes/plugin.php on line 931
[22-Jul-2021 07:52:16 UTC] PHP Notice:  Undefined offset: 0 in /Users/jacob-ian/dev/gsquared-challenge/wp-includes/plugin.php on line 928
[22-Jul-2021 07:52:16 UTC] PHP Notice:  Undefined offset: 0 in /Users/jacob-ian/dev/gsquared-challenge/wp-includes/plugin.php on line 931
[22-Jul-2021 07:52:16 UTC] PHP Notice:  wp_enqueue_script was called <strong>incorrectly</strong>. Scripts and styles should not be registered or enqueued until the <code>wp_enqueue_scripts</code>, <code>admin_enqueue_scripts</code>, or <code>login_enqueue_scripts</code> hooks. This notice was triggered by the <code>main</code> handle. Please see <a href="https://wordpress.org/support/article/debugging-in-wordpress/">Debugging in WordPress</a> for more information. (This message was added in version 3.3.0.) in /Users/jacob-ian/dev/gsquared-challenge/wp-includes/functions.php on line 5313
[22-Jul-2021 07:52:16 UTC] PHP Notice:  Undefined offset: 0 in /Users/jacob-ian/dev/gsquared-challenge/wp-includes/plugin.php on line 928
[22-Jul-2021 07:52:16 UTC] PHP Notice:  Undefined offset: 0 in /Users/jacob-ian/dev/gsquared-challenge/wp-includes/plugin.php on line 931
[22-Jul-2021 07:52:16 UTC] PHP Notice:  wp_enqueue_script was called <strong>incorrectly</strong>. Scripts and styles should not be registered or enqueued until the <code>wp_enqueue_scripts</code>, <code>admin_enqueue_scripts</code>, or <code>login_enqueue_scripts</code> hooks. This notice was triggered by the <code>main</code> handle. Please see <a href="https://wordpress.org/support/article/debugging-in-wordpress/">Debugging in WordPress</a> for more information. (This message was added in version 3.3.0.) in /Users/jacob-ian/dev/gsquared-challenge/wp-includes/functions.php on line 5313
[22-Jul-2021 07:52:16 UTC] PHP Notice:  Undefined offset: 0 in /Users/jacob-ian/dev/gsquared-challenge/wp-includes/plugin.php on line 928
[22-Jul-2021 07:52:16 UTC] PHP Notice:  Undefined offset: 0 in /Users/jacob-ian/dev/gsquared-challenge/wp-includes/plugin.php on line 931
[22-Jul-2021 07:52:34 UTC] PHP Notice:  wp_enqueue_script was called <strong>incorrectly</strong>. Scripts and styles should not be registered or enqueued until the <code>wp_enqueue_scripts</code>, <code>admin_enqueue_scripts</code>, or <code>login_enqueue_scripts</code> hooks. This notice was triggered by the <code>main</code> handle. Please see <a href="https://wordpress.org/support/article/debugging-in-wordpress/">Debugging in WordPress</a> for more information. (This message was added in version 3.3.0.) in /Users/jacob-ian/dev/gsquared-challenge/wp-includes/functions.php on line 5313
[22-Jul-2021 07:52:34 UTC] PHP Notice:  Undefined offset: 0 in /Users/jacob-ian/dev/gsquared-challenge/wp-includes/plugin.php on line 928
[22-Jul-2021 07:52:34 UTC] PHP Notice:  Undefined offset: 0 in /Users/jacob-ian/dev/gsquared-challenge/wp-includes/plugin.php on line 931
[22-Jul-2021 07:52:35 UTC] PHP Notice:  wp_enqueue_script was called <strong>incorrectly</strong>. Scripts and styles should not be registered or enqueued until the <code>wp_enqueue_scripts</code>, <code>admin_enqueue_scripts</code>, or <code>login_enqueue_scripts</code> hooks. This notice was triggered by the <code>main</code> handle. Please see <a href="https://wordpress.org/support/article/debugging-in-wordpress/">Debugging in WordPress</a> for more information. (This message was added in version 3.3.0.) in /Users/jacob-ian/dev/gsquared-challenge/wp-includes/functions.php on line 5313
[22-Jul-2021 07:52:35 UTC] PHP Notice:  Undefined offset: 0 in /Users/jacob-ian/dev/gsquared-challenge/wp-includes/plugin.php on line 928
[22-Jul-2021 07:52:35 UTC] PHP Notice:  Undefined offset: 0 in /Users/jacob-ian/dev/gsquared-challenge/wp-includes/plugin.php on line 931
[22-Jul-2021 07:52:36 UTC] PHP Notice:  wp_enqueue_script was called <strong>incorrectly</strong>. Scripts and styles should not be registered or enqueued until the <code>wp_enqueue_scripts</code>, <code>admin_enqueue_scripts</code>, or <code>login_enqueue_scripts</code> hooks. This notice was triggered by the <code>main</code> handle. Please see <a href="https://wordpress.org/support/article/debugging-in-wordpress/">Debugging in WordPress</a> for more information. (This message was added in version 3.3.0.) in /Users/jacob-ian/dev/gsquared-challenge/wp-includes/functions.php on line 5313
[22-Jul-2021 07:52:36 UTC] PHP Notice:  Undefined offset: 0 in /Users/jacob-ian/dev/gsquared-challenge/wp-includes/plugin.php on line 928
[22-Jul-2021 07:52:36 UTC] PHP Notice:  Undefined offset: 0 in /Users/jacob-ian/dev/gsquared-challenge/wp-includes/plugin.php on line 931
[22-Jul-2021 07:52:36 UTC] PHP Notice:  wp_enqueue_script was called <strong>incorrectly</strong>. Scripts and styles should not be registered or enqueued until the <code>wp_enqueue_scripts</code>, <code>admin_enqueue_scripts</code>, or <code>login_enqueue_scripts</code> hooks. This notice was triggered by the <code>main</code> handle. Please see <a href="https://wordpress.org/support/article/debugging-in-wordpress/">Debugging in WordPress</a> for more information. (This message was added in version 3.3.0.) in /Users/jacob-ian/dev/gsquared-challenge/wp-includes/functions.php on line 5313
[22-Jul-2021 07:52:36 UTC] PHP Notice:  Undefined offset: 0 in /Users/jacob-ian/dev/gsquared-challenge/wp-includes/plugin.php on line 928
[22-Jul-2021 07:52:36 UTC] PHP Notice:  Undefined offset: 0 in /Users/jacob-ian/dev/gsquared-challenge/wp-includes/plugin.php on line 931
[22-Jul-2021 07:52:37 UTC] PHP Notice:  wp_enqueue_script was called <strong>incorrectly</strong>. Scripts and styles should not be registered or enqueued until the <code>wp_enqueue_scripts</code>, <code>admin_enqueue_scripts</code>, or <code>login_enqueue_scripts</code> hooks. This notice was triggered by the <code>main</code> handle. Please see <a href="https://wordpress.org/support/article/debugging-in-wordpress/">Debugging in WordPress</a> for more information. (This message was added in version 3.3.0.) in /Users/jacob-ian/dev/gsquared-challenge/wp-includes/functions.php on line 5313
[22-Jul-2021 07:52:37 UTC] PHP Notice:  Undefined offset: 0 in /Users/jacob-ian/dev/gsquared-challenge/wp-includes/plugin.php on line 928
[22-Jul-2021 07:52:37 UTC] PHP Notice:  Undefined offset: 0 in /Users/jacob-ian/dev/gsquared-challenge/wp-includes/plugin.php on line 931
[22-Jul-2021 07:52:37 UTC] PHP Notice:  wp_enqueue_script was called <strong>incorrectly</strong>. Scripts and styles should not be registered or enqueued until the <code>wp_enqueue_scripts</code>, <code>admin_enqueue_scripts</code>, or <code>login_enqueue_scripts</code> hooks. This notice was triggered by the <code>main</code> handle. Please see <a href="https://wordpress.org/support/article/debugging-in-wordpress/">Debugging in WordPress</a> for more information. (This message was added in version 3.3.0.) in /Users/jacob-ian/dev/gsquared-challenge/wp-includes/functions.php on line 5313
[22-Jul-2021 07:52:37 UTC] PHP Notice:  Undefined offset: 0 in /Users/jacob-ian/dev/gsquared-challenge/wp-includes/plugin.php on line 928
[22-Jul-2021 07:52:37 UTC] PHP Notice:  Undefined offset: 0 in /Users/jacob-ian/dev/gsquared-challenge/wp-includes/plugin.php on line 931
[22-Jul-2021 07:52:38 UTC] PHP Notice:  wp_enqueue_script was called <strong>incorrectly</strong>. Scripts and styles should not be registered or enqueued until the <code>wp_enqueue_scripts</code>, <code>admin_enqueue_scripts</code>, or <code>login_enqueue_scripts</code> hooks. This notice was triggered by the <code>main</code> handle. Please see <a href="https://wordpress.org/support/article/debugging-in-wordpress/">Debugging in WordPress</a> for more information. (This message was added in version 3.3.0.) in /Users/jacob-ian/dev/gsquared-challenge/wp-includes/functions.php on line 5313
[22-Jul-2021 07:52:38 UTC] PHP Notice:  Undefined offset: 0 in /Users/jacob-ian/dev/gsquared-challenge/wp-includes/plugin.php on line 928
[22-Jul-2021 07:52:38 UTC] PHP Notice:  Undefined offset: 0 in /Users/jacob-ian/dev/gsquared-challenge/wp-includes/plugin.php on line 931
[22-Jul-2021 07:52:39 UTC] PHP Notice:  wp_enqueue_script was called <strong>incorrectly</strong>. Scripts and styles should not be registered or enqueued until the <code>wp_enqueue_scripts</code>, <code>admin_enqueue_scripts</code>, or <code>login_enqueue_scripts</code> hooks. This notice was triggered by the <code>main</code> handle. Please see <a href="https://wordpress.org/support/article/debugging-in-wordpress/">Debugging in WordPress</a> for more information. (This message was added in version 3.3.0.) in /Users/jacob-ian/dev/gsquared-challenge/wp-includes/functions.php on line 5313
[22-Jul-2021 07:52:39 UTC] PHP Notice:  Undefined offset: 0 in /Users/jacob-ian/dev/gsquared-challenge/wp-includes/plugin.php on line 928
[22-Jul-2021 07:52:39 UTC] PHP Notice:  Undefined offset: 0 in /Users/jacob-ian/dev/gsquared-challenge/wp-includes/plugin.php on line 931
[22-Jul-2021 07:52:40 UTC] PHP Notice:  wp_enqueue_script was called <strong>incorrectly</strong>. Scripts and styles should not be registered or enqueued until the <code>wp_enqueue_scripts</code>, <code>admin_enqueue_scripts</code>, or <code>login_enqueue_scripts</code> hooks. This notice was triggered by the <code>main</code> handle. Please see <a href="https://wordpress.org/support/article/debugging-in-wordpress/">Debugging in WordPress</a> for more information. (This message was added in version 3.3.0.) in /Users/jacob-ian/dev/gsquared-challenge/wp-includes/functions.php on line 5313
[22-Jul-2021 07:52:40 UTC] PHP Notice:  Undefined offset: 0 in /Users/jacob-ian/dev/gsquared-challenge/wp-includes/plugin.php on line 928
[22-Jul-2021 07:52:40 UTC] PHP Notice:  Undefined offset: 0 in /Users/jacob-ian/dev/gsquared-challenge/wp-includes/plugin.php on line 931
[22-Jul-2021 07:52:41 UTC] PHP Notice:  wp_enqueue_script was called <strong>incorrectly</strong>. Scripts and styles should not be registered or enqueued until the <code>wp_enqueue_scripts</code>, <code>admin_enqueue_scripts</code>, or <code>login_enqueue_scripts</code> hooks. This notice was triggered by the <code>main</code> handle. Please see <a href="https://wordpress.org/support/article/debugging-in-wordpress/">Debugging in WordPress</a> for more information. (This message was added in version 3.3.0.) in /Users/jacob-ian/dev/gsquared-challenge/wp-includes/functions.php on line 5313
[22-Jul-2021 07:52:41 UTC] PHP Notice:  Undefined offset: 0 in /Users/jacob-ian/dev/gsquared-challenge/wp-includes/plugin.php on line 928
[22-Jul-2021 07:52:41 UTC] PHP Notice:  Undefined offset: 0 in /Users/jacob-ian/dev/gsquared-challenge/wp-includes/plugin.php on line 931
[22-Jul-2021 07:52:41 UTC] PHP Notice:  wp_enqueue_script was called <strong>incorrectly</strong>. Scripts and styles should not be registered or enqueued until the <code>wp_enqueue_scripts</code>, <code>admin_enqueue_scripts</code>, or <code>login_enqueue_scripts</code> hooks. This notice was triggered by the <code>main</code> handle. Please see <a href="https://wordpress.org/support/article/debugging-in-wordpress/">Debugging in WordPress</a> for more information. (This message was added in version 3.3.0.) in /Users/jacob-ian/dev/gsquared-challenge/wp-includes/functions.php on line 5313
[22-Jul-2021 07:52:41 UTC] PHP Notice:  Undefined offset: 0 in /Users/jacob-ian/dev/gsquared-challenge/wp-includes/plugin.php on line 928
[22-Jul-2021 07:52:41 UTC] PHP Notice:  Undefined offset: 0 in /Users/jacob-ian/dev/gsquared-challenge/wp-includes/plugin.php on line 931
[22-Jul-2021 07:52:41 UTC] PHP Notice:  wp_enqueue_script was called <strong>incorrectly</strong>. Scripts and styles should not be registered or enqueued until the <code>wp_enqueue_scripts</code>, <code>admin_enqueue_scripts</code>, or <code>login_enqueue_scripts</code> hooks. This notice was triggered by the <code>main</code> handle. Please see <a href="https://wordpress.org/support/article/debugging-in-wordpress/">Debugging in WordPress</a> for more information. (This message was added in version 3.3.0.) in /Users/jacob-ian/dev/gsquared-challenge/wp-includes/functions.php on line 5313
[22-Jul-2021 07:52:41 UTC] PHP Notice:  Undefined offset: 0 in /Users/jacob-ian/dev/gsquared-challenge/wp-includes/plugin.php on line 928
[22-Jul-2021 07:52:41 UTC] PHP Notice:  Undefined offset: 0 in /Users/jacob-ian/dev/gsquared-challenge/wp-includes/plugin.php on line 931
[22-Jul-2021 07:52:41 UTC] PHP Notice:  wp_enqueue_script was called <strong>incorrectly</strong>. Scripts and styles should not be registered or enqueued until the <code>wp_enqueue_scripts</code>, <code>admin_enqueue_scripts</code>, or <code>login_enqueue_scripts</code> hooks. This notice was triggered by the <code>main</code> handle. Please see <a href="https://wordpress.org/support/article/debugging-in-wordpress/">Debugging in WordPress</a> for more information. (This message was added in version 3.3.0.) in /Users/jacob-ian/dev/gsquared-challenge/wp-includes/functions.php on line 5313
[22-Jul-2021 07:52:41 UTC] PHP Notice:  Undefined offset: 0 in /Users/jacob-ian/dev/gsquared-challenge/wp-includes/plugin.php on line 928
[22-Jul-2021 07:52:41 UTC] PHP Notice:  Undefined offset: 0 in /Users/jacob-ian/dev/gsquared-challenge/wp-includes/plugin.php on line 931
[22-Jul-2021 07:52:41 UTC] PHP Notice:  wp_enqueue_script was called <strong>incorrectly</strong>. Scripts and styles should not be registered or enqueued until the <code>wp_enqueue_scripts</code>, <code>admin_enqueue_scripts</code>, or <code>login_enqueue_scripts</code> hooks. This notice was triggered by the <code>main</code> handle. Please see <a href="https://wordpress.org/support/article/debugging-in-wordpress/">Debugging in WordPress</a> for more information. (This message was added in version 3.3.0.) in /Users/jacob-ian/dev/gsquared-challenge/wp-includes/functions.php on line 5313
[22-Jul-2021 07:52:41 UTC] PHP Notice:  Undefined offset: 0 in /Users/jacob-ian/dev/gsquared-challenge/wp-includes/plugin.php on line 928
[22-Jul-2021 07:52:41 UTC] PHP Notice:  Undefined offset: 0 in /Users/jacob-ian/dev/gsquared-challenge/wp-includes/plugin.php on line 931
[22-Jul-2021 07:52:49 UTC] PHP Notice:  wp_enqueue_script was called <strong>incorrectly</strong>. Scripts and styles should not be registered or enqueued until the <code>wp_enqueue_scripts</code>, <code>admin_enqueue_scripts</code>, or <code>login_enqueue_scripts</code> hooks. This notice was triggered by the <code>main</code> handle. Please see <a href="https://wordpress.org/support/article/debugging-in-wordpress/">Debugging in WordPress</a> for more information. (This message was added in version 3.3.0.) in /Users/jacob-ian/dev/gsquared-challenge/wp-includes/functions.php on line 5313
[22-Jul-2021 07:52:49 UTC] PHP Notice:  Undefined offset: 0 in /Users/jacob-ian/dev/gsquared-challenge/wp-includes/plugin.php on line 928
[22-Jul-2021 07:52:49 UTC] PHP Notice:  Undefined offset: 0 in /Users/jacob-ian/dev/gsquared-challenge/wp-includes/plugin.php on line 931
[22-Jul-2021 07:52:50 UTC] PHP Notice:  wp_enqueue_script was called <strong>incorrectly</strong>. Scripts and styles should not be registered or enqueued until the <code>wp_enqueue_scripts</code>, <code>admin_enqueue_scripts</code>, or <code>login_enqueue_scripts</code> hooks. This notice was triggered by the <code>main</code> handle. Please see <a href="https://wordpress.org/support/article/debugging-in-wordpress/">Debugging in WordPress</a> for more information. (This message was added in version 3.3.0.) in /Users/jacob-ian/dev/gsquared-challenge/wp-includes/functions.php on line 5313
[22-Jul-2021 07:52:50 UTC] PHP Notice:  Undefined offset: 0 in /Users/jacob-ian/dev/gsquared-challenge/wp-includes/plugin.php on line 928
[22-Jul-2021 07:52:50 UTC] PHP Notice:  Undefined offset: 0 in /Users/jacob-ian/dev/gsquared-challenge/wp-includes/plugin.php on line 931
[22-Jul-2021 07:52:51 UTC] PHP Notice:  wp_enqueue_script was called <strong>incorrectly</strong>. Scripts and styles should not be registered or enqueued until the <code>wp_enqueue_scripts</code>, <code>admin_enqueue_scripts</code>, or <code>login_enqueue_scripts</code> hooks. This notice was triggered by the <code>main</code> handle. Please see <a href="https://wordpress.org/support/article/debugging-in-wordpress/">Debugging in WordPress</a> for more information. (This message was added in version 3.3.0.) in /Users/jacob-ian/dev/gsquared-challenge/wp-includes/functions.php on line 5313
[22-Jul-2021 07:52:51 UTC] PHP Notice:  Undefined offset: 0 in /Users/jacob-ian/dev/gsquared-challenge/wp-includes/plugin.php on line 928
[22-Jul-2021 07:52:51 UTC] PHP Notice:  Undefined offset: 0 in /Users/jacob-ian/dev/gsquared-challenge/wp-includes/plugin.php on line 931
[22-Jul-2021 07:52:51 UTC] PHP Notice:  wp_enqueue_script was called <strong>incorrectly</strong>. Scripts and styles should not be registered or enqueued until the <code>wp_enqueue_scripts</code>, <code>admin_enqueue_scripts</code>, or <code>login_enqueue_scripts</code> hooks. This notice was triggered by the <code>main</code> handle. Please see <a href="https://wordpress.org/support/article/debugging-in-wordpress/">Debugging in WordPress</a> for more information. (This message was added in version 3.3.0.) in /Users/jacob-ian/dev/gsquared-challenge/wp-includes/functions.php on line 5313
[22-Jul-2021 07:52:51 UTC] PHP Notice:  Undefined offset: 0 in /Users/jacob-ian/dev/gsquared-challenge/wp-includes/plugin.php on line 928
[22-Jul-2021 07:52:51 UTC] PHP Notice:  Undefined offset: 0 in /Users/jacob-ian/dev/gsquared-challenge/wp-includes/plugin.php on line 931
[22-Jul-2021 07:52:53 UTC] PHP Notice:  wp_enqueue_script was called <strong>incorrectly</strong>. Scripts and styles should not be registered or enqueued until the <code>wp_enqueue_scripts</code>, <code>admin_enqueue_scripts</code>, or <code>login_enqueue_scripts</code> hooks. This notice was triggered by the <code>main</code> handle. Please see <a href="https://wordpress.org/support/article/debugging-in-wordpress/">Debugging in WordPress</a> for more information. (This message was added in version 3.3.0.) in /Users/jacob-ian/dev/gsquared-challenge/wp-includes/functions.php on line 5313
[22-Jul-2021 07:52:53 UTC] PHP Notice:  Undefined offset: 0 in /Users/jacob-ian/dev/gsquared-challenge/wp-includes/plugin.php on line 928
[22-Jul-2021 07:52:53 UTC] PHP Notice:  Undefined offset: 0 in /Users/jacob-ian/dev/gsquared-challenge/wp-includes/plugin.php on line 931
[22-Jul-2021 07:52:53 UTC] PHP Notice:  wp_enqueue_script was called <strong>incorrectly</strong>. Scripts and styles should not be registered or enqueued until the <code>wp_enqueue_scripts</code>, <code>admin_enqueue_scripts</code>, or <code>login_enqueue_scripts</code> hooks. This notice was triggered by the <code>main</code> handle. Please see <a href="https://wordpress.org/support/article/debugging-in-wordpress/">Debugging in WordPress</a> for more information. (This message was added in version 3.3.0.) in /Users/jacob-ian/dev/gsquared-challenge/wp-includes/functions.php on line 5313
[22-Jul-2021 07:52:53 UTC] PHP Notice:  Undefined offset: 0 in /Users/jacob-ian/dev/gsquared-challenge/wp-includes/plugin.php on line 928
[22-Jul-2021 07:52:53 UTC] PHP Notice:  Undefined offset: 0 in /Users/jacob-ian/dev/gsquared-challenge/wp-includes/plugin.php on line 931
[22-Jul-2021 07:52:54 UTC] PHP Notice:  wp_enqueue_script was called <strong>incorrectly</strong>. Scripts and styles should not be registered or enqueued until the <code>wp_enqueue_scripts</code>, <code>admin_enqueue_scripts</code>, or <code>login_enqueue_scripts</code> hooks. This notice was triggered by the <code>main</code> handle. Please see <a href="https://wordpress.org/support/article/debugging-in-wordpress/">Debugging in WordPress</a> for more information. (This message was added in version 3.3.0.) in /Users/jacob-ian/dev/gsquared-challenge/wp-includes/functions.php on line 5313
[22-Jul-2021 07:52:54 UTC] PHP Notice:  Undefined offset: 0 in /Users/jacob-ian/dev/gsquared-challenge/wp-includes/plugin.php on line 928
[22-Jul-2021 07:52:54 UTC] PHP Notice:  Undefined offset: 0 in /Users/jacob-ian/dev/gsquared-challenge/wp-includes/plugin.php on line 931
[22-Jul-2021 07:52:55 UTC] PHP Notice:  wp_enqueue_script was called <strong>incorrectly</strong>. Scripts and styles should not be registered or enqueued until the <code>wp_enqueue_scripts</code>, <code>admin_enqueue_scripts</code>, or <code>login_enqueue_scripts</code> hooks. This notice was triggered by the <code>main</code> handle. Please see <a href="https://wordpress.org/support/article/debugging-in-wordpress/">Debugging in WordPress</a> for more information. (This message was added in version 3.3.0.) in /Users/jacob-ian/dev/gsquared-challenge/wp-includes/functions.php on line 5313
[22-Jul-2021 07:52:55 UTC] PHP Notice:  Undefined offset: 0 in /Users/jacob-ian/dev/gsquared-challenge/wp-includes/plugin.php on line 928
[22-Jul-2021 07:52:55 UTC] PHP Notice:  Undefined offset: 0 in /Users/jacob-ian/dev/gsquared-challenge/wp-includes/plugin.php on line 931
[22-Jul-2021 07:52:55 UTC] PHP Notice:  wp_enqueue_script was called <strong>incorrectly</strong>. Scripts and styles should not be registered or enqueued until the <code>wp_enqueue_scripts</code>, <code>admin_enqueue_scripts</code>, or <code>login_enqueue_scripts</code> hooks. This notice was triggered by the <code>main</code> handle. Please see <a href="https://wordpress.org/support/article/debugging-in-wordpress/">Debugging in WordPress</a> for more information. (This message was added in version 3.3.0.) in /Users/jacob-ian/dev/gsquared-challenge/wp-includes/functions.php on line 5313
[22-Jul-2021 07:52:55 UTC] PHP Notice:  Undefined offset: 0 in /Users/jacob-ian/dev/gsquared-challenge/wp-includes/plugin.php on line 928
[22-Jul-2021 07:52:55 UTC] PHP Notice:  Undefined offset: 0 in /Users/jacob-ian/dev/gsquared-challenge/wp-includes/plugin.php on line 931
[22-Jul-2021 07:52:56 UTC] PHP Notice:  wp_enqueue_script was called <strong>incorrectly</strong>. Scripts and styles should not be registered or enqueued until the <code>wp_enqueue_scripts</code>, <code>admin_enqueue_scripts</code>, or <code>login_enqueue_scripts</code> hooks. This notice was triggered by the <code>main</code> handle. Please see <a href="https://wordpress.org/support/article/debugging-in-wordpress/">Debugging in WordPress</a> for more information. (This message was added in version 3.3.0.) in /Users/jacob-ian/dev/gsquared-challenge/wp-includes/functions.php on line 5313
[22-Jul-2021 07:52:56 UTC] PHP Notice:  Undefined offset: 0 in /Users/jacob-ian/dev/gsquared-challenge/wp-includes/plugin.php on line 928
[22-Jul-2021 07:52:56 UTC] PHP Notice:  Undefined offset: 0 in /Users/jacob-ian/dev/gsquared-challenge/wp-includes/plugin.php on line 931
[22-Jul-2021 07:52:56 UTC] PHP Notice:  wp_enqueue_script was called <strong>incorrectly</strong>. Scripts and styles should not be registered or enqueued until the <code>wp_enqueue_scripts</code>, <code>admin_enqueue_scripts</code>, or <code>login_enqueue_scripts</code> hooks. This notice was triggered by the <code>main</code> handle. Please see <a href="https://wordpress.org/support/article/debugging-in-wordpress/">Debugging in WordPress</a> for more information. (This message was added in version 3.3.0.) in /Users/jacob-ian/dev/gsquared-challenge/wp-includes/functions.php on line 5313
[22-Jul-2021 07:52:56 UTC] PHP Notice:  Undefined offset: 0 in /Users/jacob-ian/dev/gsquared-challenge/wp-includes/plugin.php on line 928
[22-Jul-2021 07:52:56 UTC] PHP Notice:  Undefined offset: 0 in /Users/jacob-ian/dev/gsquared-challenge/wp-includes/plugin.php on line 931
[22-Jul-2021 07:52:56 UTC] PHP Notice:  wp_enqueue_script was called <strong>incorrectly</strong>. Scripts and styles should not be registered or enqueued until the <code>wp_enqueue_scripts</code>, <code>admin_enqueue_scripts</code>, or <code>login_enqueue_scripts</code> hooks. This notice was triggered by the <code>main</code> handle. Please see <a href="https://wordpress.org/support/article/debugging-in-wordpress/">Debugging in WordPress</a> for more information. (This message was added in version 3.3.0.) in /Users/jacob-ian/dev/gsquared-challenge/wp-includes/functions.php on line 5313
[22-Jul-2021 07:52:56 UTC] PHP Notice:  Undefined offset: 0 in /Users/jacob-ian/dev/gsquared-challenge/wp-includes/plugin.php on line 928
[22-Jul-2021 07:52:56 UTC] PHP Notice:  Undefined offset: 0 in /Users/jacob-ian/dev/gsquared-challenge/wp-includes/plugin.php on line 931
[22-Jul-2021 07:52:56 UTC] PHP Notice:  wp_enqueue_script was called <strong>incorrectly</strong>. Scripts and styles should not be registered or enqueued until the <code>wp_enqueue_scripts</code>, <code>admin_enqueue_scripts</code>, or <code>login_enqueue_scripts</code> hooks. This notice was triggered by the <code>main</code> handle. Please see <a href="https://wordpress.org/support/article/debugging-in-wordpress/">Debugging in WordPress</a> for more information. (This message was added in version 3.3.0.) in /Users/jacob-ian/dev/gsquared-challenge/wp-includes/functions.php on line 5313
[22-Jul-2021 07:52:56 UTC] PHP Notice:  Undefined offset: 0 in /Users/jacob-ian/dev/gsquared-challenge/wp-includes/plugin.php on line 928
[22-Jul-2021 07:52:56 UTC] PHP Notice:  Undefined offset: 0 in /Users/jacob-ian/dev/gsquared-challenge/wp-includes/plugin.php on line 931
[22-Jul-2021 07:52:56 UTC] PHP Notice:  wp_enqueue_script was called <strong>incorrectly</strong>. Scripts and styles should not be registered or enqueued until the <code>wp_enqueue_scripts</code>, <code>admin_enqueue_scripts</code>, or <code>login_enqueue_scripts</code> hooks. This notice was triggered by the <code>main</code> handle. Please see <a href="https://wordpress.org/support/article/debugging-in-wordpress/">Debugging in WordPress</a> for more information. (This message was added in version 3.3.0.) in /Users/jacob-ian/dev/gsquared-challenge/wp-includes/functions.php on line 5313
[22-Jul-2021 07:52:56 UTC] PHP Notice:  Undefined offset: 0 in /Users/jacob-ian/dev/gsquared-challenge/wp-includes/plugin.php on line 928
[22-Jul-2021 07:52:56 UTC] PHP Notice:  Undefined offset: 0 in /Users/jacob-ian/dev/gsquared-challenge/wp-includes/plugin.php on line 931
[22-Jul-2021 07:53:05 UTC] PHP Notice:  wp_enqueue_script was called <strong>incorrectly</strong>. Scripts and styles should not be registered or enqueued until the <code>wp_enqueue_scripts</code>, <code>admin_enqueue_scripts</code>, or <code>login_enqueue_scripts</code> hooks. This notice was triggered by the <code>main</code> handle. Please see <a href="https://wordpress.org/support/article/debugging-in-wordpress/">Debugging in WordPress</a> for more information. (This message was added in version 3.3.0.) in /Users/jacob-ian/dev/gsquared-challenge/wp-includes/functions.php on line 5313
[22-Jul-2021 07:53:05 UTC] PHP Notice:  Undefined offset: 0 in /Users/jacob-ian/dev/gsquared-challenge/wp-includes/plugin.php on line 928
[22-Jul-2021 07:53:05 UTC] PHP Notice:  Undefined offset: 0 in /Users/jacob-ian/dev/gsquared-challenge/wp-includes/plugin.php on line 931
[22-Jul-2021 07:53:06 UTC] PHP Notice:  wp_enqueue_script was called <strong>incorrectly</strong>. Scripts and styles should not be registered or enqueued until the <code>wp_enqueue_scripts</code>, <code>admin_enqueue_scripts</code>, or <code>login_enqueue_scripts</code> hooks. This notice was triggered by the <code>main</code> handle. Please see <a href="https://wordpress.org/support/article/debugging-in-wordpress/">Debugging in WordPress</a> for more information. (This message was added in version 3.3.0.) in /Users/jacob-ian/dev/gsquared-challenge/wp-includes/functions.php on line 5313
[22-Jul-2021 07:53:06 UTC] PHP Notice:  Undefined offset: 0 in /Users/jacob-ian/dev/gsquared-challenge/wp-includes/plugin.php on line 928
[22-Jul-2021 07:53:06 UTC] PHP Notice:  Undefined offset: 0 in /Users/jacob-ian/dev/gsquared-challenge/wp-includes/plugin.php on line 931
[22-Jul-2021 07:53:07 UTC] PHP Notice:  wp_enqueue_script was called <strong>incorrectly</strong>. Scripts and styles should not be registered or enqueued until the <code>wp_enqueue_scripts</code>, <code>admin_enqueue_scripts</code>, or <code>login_enqueue_scripts</code> hooks. This notice was triggered by the <code>main</code> handle. Please see <a href="https://wordpress.org/support/article/debugging-in-wordpress/">Debugging in WordPress</a> for more information. (This message was added in version 3.3.0.) in /Users/jacob-ian/dev/gsquared-challenge/wp-includes/functions.php on line 5313
[22-Jul-2021 07:53:07 UTC] PHP Notice:  Undefined offset: 0 in /Users/jacob-ian/dev/gsquared-challenge/wp-includes/plugin.php on line 928
[22-Jul-2021 07:53:07 UTC] PHP Notice:  Undefined offset: 0 in /Users/jacob-ian/dev/gsquared-challenge/wp-includes/plugin.php on line 931
[22-Jul-2021 07:53:07 UTC] PHP Notice:  wp_enqueue_script was called <strong>incorrectly</strong>. Scripts and styles should not be registered or enqueued until the <code>wp_enqueue_scripts</code>, <code>admin_enqueue_scripts</code>, or <code>login_enqueue_scripts</code> hooks. This notice was triggered by the <code>main</code> handle. Please see <a href="https://wordpress.org/support/article/debugging-in-wordpress/">Debugging in WordPress</a> for more information. (This message was added in version 3.3.0.) in /Users/jacob-ian/dev/gsquared-challenge/wp-includes/functions.php on line 5313
[22-Jul-2021 07:53:07 UTC] PHP Notice:  Undefined offset: 0 in /Users/jacob-ian/dev/gsquared-challenge/wp-includes/plugin.php on line 928
[22-Jul-2021 07:53:07 UTC] PHP Notice:  Undefined offset: 0 in /Users/jacob-ian/dev/gsquared-challenge/wp-includes/plugin.php on line 931
[22-Jul-2021 07:53:10 UTC] PHP Notice:  wp_enqueue_script was called <strong>incorrectly</strong>. Scripts and styles should not be registered or enqueued until the <code>wp_enqueue_scripts</code>, <code>admin_enqueue_scripts</code>, or <code>login_enqueue_scripts</code> hooks. This notice was triggered by the <code>main</code> handle. Please see <a href="https://wordpress.org/support/article/debugging-in-wordpress/">Debugging in WordPress</a> for more information. (This message was added in version 3.3.0.) in /Users/jacob-ian/dev/gsquared-challenge/wp-includes/functions.php on line 5313
[22-Jul-2021 07:53:10 UTC] PHP Notice:  Undefined offset: 0 in /Users/jacob-ian/dev/gsquared-challenge/wp-includes/plugin.php on line 928
[22-Jul-2021 07:53:10 UTC] PHP Notice:  Undefined offset: 0 in /Users/jacob-ian/dev/gsquared-challenge/wp-includes/plugin.php on line 931
[22-Jul-2021 07:53:10 UTC] PHP Warning:  call_user_func_array() expects parameter 1 to be a valid callback, no array or string given in /Users/jacob-ian/dev/gsquared-challenge/wp-includes/class-wp-hook.php on line 292
[22-Jul-2021 07:53:13 UTC] PHP Notice:  wp_enqueue_script was called <strong>incorrectly</strong>. Scripts and styles should not be registered or enqueued until the <code>wp_enqueue_scripts</code>, <code>admin_enqueue_scripts</code>, or <code>login_enqueue_scripts</code> hooks. This notice was triggered by the <code>main</code> handle. Please see <a href="https://wordpress.org/support/article/debugging-in-wordpress/">Debugging in WordPress</a> for more information. (This message was added in version 3.3.0.) in /Users/jacob-ian/dev/gsquared-challenge/wp-includes/functions.php on line 5313
[22-Jul-2021 07:53:13 UTC] PHP Notice:  Undefined offset: 0 in /Users/jacob-ian/dev/gsquared-challenge/wp-includes/plugin.php on line 928
[22-Jul-2021 07:53:13 UTC] PHP Notice:  Undefined offset: 0 in /Users/jacob-ian/dev/gsquared-challenge/wp-includes/plugin.php on line 931
[22-Jul-2021 07:53:13 UTC] PHP Warning:  call_user_func_array() expects parameter 1 to be a valid callback, no array or string given in /Users/jacob-ian/dev/gsquared-challenge/wp-includes/class-wp-hook.php on line 292
[22-Jul-2021 07:53:15 UTC] PHP Notice:  wp_enqueue_script was called <strong>incorrectly</strong>. Scripts and styles should not be registered or enqueued until the <code>wp_enqueue_scripts</code>, <code>admin_enqueue_scripts</code>, or <code>login_enqueue_scripts</code> hooks. This notice was triggered by the <code>main</code> handle. Please see <a href="https://wordpress.org/support/article/debugging-in-wordpress/">Debugging in WordPress</a> for more information. (This message was added in version 3.3.0.) in /Users/jacob-ian/dev/gsquared-challenge/wp-includes/functions.php on line 5313
[22-Jul-2021 07:53:15 UTC] PHP Notice:  Undefined offset: 0 in /Users/jacob-ian/dev/gsquared-challenge/wp-includes/plugin.php on line 928
[22-Jul-2021 07:53:15 UTC] PHP Notice:  Undefined offset: 0 in /Users/jacob-ian/dev/gsquared-challenge/wp-includes/plugin.php on line 931
[22-Jul-2021 07:53:15 UTC] PHP Notice:  wp_enqueue_script was called <strong>incorrectly</strong>. Scripts and styles should not be registered or enqueued until the <code>wp_enqueue_scripts</code>, <code>admin_enqueue_scripts</code>, or <code>login_enqueue_scripts</code> hooks. This notice was triggered by the <code>main</code> handle. Please see <a href="https://wordpress.org/support/article/debugging-in-wordpress/">Debugging in WordPress</a> for more information. (This message was added in version 3.3.0.) in /Users/jacob-ian/dev/gsquared-challenge/wp-includes/functions.php on line 5313
[22-Jul-2021 07:53:15 UTC] PHP Notice:  Undefined offset: 0 in /Users/jacob-ian/dev/gsquared-challenge/wp-includes/plugin.php on line 928
[22-Jul-2021 07:53:15 UTC] PHP Notice:  Undefined offset: 0 in /Users/jacob-ian/dev/gsquared-challenge/wp-includes/plugin.php on line 931
[22-Jul-2021 07:53:16 UTC] PHP Notice:  wp_enqueue_script was called <strong>incorrectly</strong>. Scripts and styles should not be registered or enqueued until the <code>wp_enqueue_scripts</code>, <code>admin_enqueue_scripts</code>, or <code>login_enqueue_scripts</code> hooks. This notice was triggered by the <code>main</code> handle. Please see <a href="https://wordpress.org/support/article/debugging-in-wordpress/">Debugging in WordPress</a> for more information. (This message was added in version 3.3.0.) in /Users/jacob-ian/dev/gsquared-challenge/wp-includes/functions.php on line 5313
[22-Jul-2021 07:53:16 UTC] PHP Notice:  Undefined offset: 0 in /Users/jacob-ian/dev/gsquared-challenge/wp-includes/plugin.php on line 928
[22-Jul-2021 07:53:16 UTC] PHP Notice:  Undefined offset: 0 in /Users/jacob-ian/dev/gsquared-challenge/wp-includes/plugin.php on line 931
[22-Jul-2021 07:53:25 UTC] PHP Notice:  wp_enqueue_script was called <strong>incorrectly</strong>. Scripts and styles should not be registered or enqueued until the <code>wp_enqueue_scripts</code>, <code>admin_enqueue_scripts</code>, or <code>login_enqueue_scripts</code> hooks. This notice was triggered by the <code>main</code> handle. Please see <a href="https://wordpress.org/support/article/debugging-in-wordpress/">Debugging in WordPress</a> for more information. (This message was added in version 3.3.0.) in /Users/jacob-ian/dev/gsquared-challenge/wp-includes/functions.php on line 5313
[22-Jul-2021 07:53:25 UTC] PHP Notice:  Undefined offset: 0 in /Users/jacob-ian/dev/gsquared-challenge/wp-includes/plugin.php on line 928
[22-Jul-2021 07:53:25 UTC] PHP Notice:  Undefined offset: 0 in /Users/jacob-ian/dev/gsquared-challenge/wp-includes/plugin.php on line 931
[22-Jul-2021 07:53:25 UTC] PHP Notice:  wp_enqueue_script was called <strong>incorrectly</strong>. Scripts and styles should not be registered or enqueued until the <code>wp_enqueue_scripts</code>, <code>admin_enqueue_scripts</code>, or <code>login_enqueue_scripts</code> hooks. This notice was triggered by the <code>main</code> handle. Please see <a href="https://wordpress.org/support/article/debugging-in-wordpress/">Debugging in WordPress</a> for more information. (This message was added in version 3.3.0.) in /Users/jacob-ian/dev/gsquared-challenge/wp-includes/functions.php on line 5313
[22-Jul-2021 07:53:25 UTC] PHP Notice:  Undefined offset: 0 in /Users/jacob-ian/dev/gsquared-challenge/wp-includes/plugin.php on line 928
[22-Jul-2021 07:53:25 UTC] PHP Notice:  Undefined offset: 0 in /Users/jacob-ian/dev/gsquared-challenge/wp-includes/plugin.php on line 931
[22-Jul-2021 07:53:26 UTC] PHP Notice:  wp_enqueue_script was called <strong>incorrectly</strong>. Scripts and styles should not be registered or enqueued until the <code>wp_enqueue_scripts</code>, <code>admin_enqueue_scripts</code>, or <code>login_enqueue_scripts</code> hooks. This notice was triggered by the <code>main</code> handle. Please see <a href="https://wordpress.org/support/article/debugging-in-wordpress/">Debugging in WordPress</a> for more information. (This message was added in version 3.3.0.) in /Users/jacob-ian/dev/gsquared-challenge/wp-includes/functions.php on line 5313
[22-Jul-2021 07:53:26 UTC] PHP Notice:  Undefined offset: 0 in /Users/jacob-ian/dev/gsquared-challenge/wp-includes/plugin.php on line 928
[22-Jul-2021 07:53:26 UTC] PHP Notice:  Undefined offset: 0 in /Users/jacob-ian/dev/gsquared-challenge/wp-includes/plugin.php on line 931
[22-Jul-2021 07:53:27 UTC] PHP Notice:  wp_enqueue_script was called <strong>incorrectly</strong>. Scripts and styles should not be registered or enqueued until the <code>wp_enqueue_scripts</code>, <code>admin_enqueue_scripts</code>, or <code>login_enqueue_scripts</code> hooks. This notice was triggered by the <code>main</code> handle. Please see <a href="https://wordpress.org/support/article/debugging-in-wordpress/">Debugging in WordPress</a> for more information. (This message was added in version 3.3.0.) in /Users/jacob-ian/dev/gsquared-challenge/wp-includes/functions.php on line 5313
[22-Jul-2021 07:53:27 UTC] PHP Notice:  Undefined offset: 0 in /Users/jacob-ian/dev/gsquared-challenge/wp-includes/plugin.php on line 928
[22-Jul-2021 07:53:27 UTC] PHP Notice:  Undefined offset: 0 in /Users/jacob-ian/dev/gsquared-challenge/wp-includes/plugin.php on line 931
[22-Jul-2021 07:53:27 UTC] PHP Warning:  call_user_func_array() expects parameter 1 to be a valid callback, no array or string given in /Users/jacob-ian/dev/gsquared-challenge/wp-includes/class-wp-hook.php on line 292
[22-Jul-2021 07:54:10 UTC] PHP Notice:  wp_enqueue_script was called <strong>incorrectly</strong>. Scripts and styles should not be registered or enqueued until the <code>wp_enqueue_scripts</code>, <code>admin_enqueue_scripts</code>, or <code>login_enqueue_scripts</code> hooks. This notice was triggered by the <code>main</code> handle. Please see <a href="https://wordpress.org/support/article/debugging-in-wordpress/">Debugging in WordPress</a> for more information. (This message was added in version 3.3.0.) in /Users/jacob-ian/dev/gsquared-challenge/wp-includes/functions.php on line 5313
[22-Jul-2021 07:54:10 UTC] PHP Notice:  Undefined offset: 0 in /Users/jacob-ian/dev/gsquared-challenge/wp-includes/plugin.php on line 928
[22-Jul-2021 07:54:10 UTC] PHP Notice:  Undefined offset: 0 in /Users/jacob-ian/dev/gsquared-challenge/wp-includes/plugin.php on line 931
[22-Jul-2021 07:54:10 UTC] PHP Warning:  call_user_func_array() expects parameter 1 to be a valid callback, no array or string given in /Users/jacob-ian/dev/gsquared-challenge/wp-includes/class-wp-hook.php on line 292
[22-Jul-2021 07:54:19 UTC] PHP Notice:  wp_enqueue_script was called <strong>incorrectly</strong>. Scripts and styles should not be registered or enqueued until the <code>wp_enqueue_scripts</code>, <code>admin_enqueue_scripts</code>, or <code>login_enqueue_scripts</code> hooks. This notice was triggered by the <code>main</code> handle. Please see <a href="https://wordpress.org/support/article/debugging-in-wordpress/">Debugging in WordPress</a> for more information. (This message was added in version 3.3.0.) in /Users/jacob-ian/dev/gsquared-challenge/wp-includes/functions.php on line 5313
[22-Jul-2021 07:54:19 UTC] PHP Notice:  Undefined offset: 0 in /Users/jacob-ian/dev/gsquared-challenge/wp-includes/plugin.php on line 928
[22-Jul-2021 07:54:19 UTC] PHP Notice:  Undefined offset: 0 in /Users/jacob-ian/dev/gsquared-challenge/wp-includes/plugin.php on line 931
[22-Jul-2021 07:54:19 UTC] PHP Warning:  call_user_func_array() expects parameter 1 to be a valid callback, no array or string given in /Users/jacob-ian/dev/gsquared-challenge/wp-includes/class-wp-hook.php on line 292
[22-Jul-2021 07:54:34 UTC] PHP Notice:  wp_enqueue_script was called <strong>incorrectly</strong>. Scripts and styles should not be registered or enqueued until the <code>wp_enqueue_scripts</code>, <code>admin_enqueue_scripts</code>, or <code>login_enqueue_scripts</code> hooks. This notice was triggered by the <code>main</code> handle. Please see <a href="https://wordpress.org/support/article/debugging-in-wordpress/">Debugging in WordPress</a> for more information. (This message was added in version 3.3.0.) in /Users/jacob-ian/dev/gsquared-challenge/wp-includes/functions.php on line 5313
[22-Jul-2021 07:54:34 UTC] PHP Notice:  Undefined offset: 0 in /Users/jacob-ian/dev/gsquared-challenge/wp-includes/plugin.php on line 928
[22-Jul-2021 07:54:34 UTC] PHP Notice:  Undefined offset: 0 in /Users/jacob-ian/dev/gsquared-challenge/wp-includes/plugin.php on line 931
[22-Jul-2021 07:54:34 UTC] PHP Warning:  call_user_func_array() expects parameter 1 to be a valid callback, no array or string given in /Users/jacob-ian/dev/gsquared-challenge/wp-includes/class-wp-hook.php on line 292
[22-Jul-2021 07:55:24 UTC] PHP Notice:  wp_enqueue_script was called <strong>incorrectly</strong>. Scripts and styles should not be registered or enqueued until the <code>wp_enqueue_scripts</code>, <code>admin_enqueue_scripts</code>, or <code>login_enqueue_scripts</code> hooks. This notice was triggered by the <code>main</code> handle. Please see <a href="https://wordpress.org/support/article/debugging-in-wordpress/">Debugging in WordPress</a> for more information. (This message was added in version 3.3.0.) in /Users/jacob-ian/dev/gsquared-challenge/wp-includes/functions.php on line 5313
[22-Jul-2021 07:55:24 UTC] PHP Notice:  Undefined offset: 0 in /Users/jacob-ian/dev/gsquared-challenge/wp-includes/plugin.php on line 928
[22-Jul-2021 07:55:24 UTC] PHP Notice:  Undefined offset: 0 in /Users/jacob-ian/dev/gsquared-challenge/wp-includes/plugin.php on line 931
[22-Jul-2021 07:55:24 UTC] PHP Warning:  call_user_func_array() expects parameter 1 to be a valid callback, no array or string given in /Users/jacob-ian/dev/gsquared-challenge/wp-includes/class-wp-hook.php on line 292
[22-Jul-2021 07:55:27 UTC] PHP Notice:  wp_enqueue_script was called <strong>incorrectly</strong>. Scripts and styles should not be registered or enqueued until the <code>wp_enqueue_scripts</code>, <code>admin_enqueue_scripts</code>, or <code>login_enqueue_scripts</code> hooks. This notice was triggered by the <code>main</code> handle. Please see <a href="https://wordpress.org/support/article/debugging-in-wordpress/">Debugging in WordPress</a> for more information. (This message was added in version 3.3.0.) in /Users/jacob-ian/dev/gsquared-challenge/wp-includes/functions.php on line 5313
[22-Jul-2021 07:55:27 UTC] PHP Notice:  Undefined offset: 0 in /Users/jacob-ian/dev/gsquared-challenge/wp-includes/plugin.php on line 928
[22-Jul-2021 07:55:27 UTC] PHP Notice:  Undefined offset: 0 in /Users/jacob-ian/dev/gsquared-challenge/wp-includes/plugin.php on line 931
[22-Jul-2021 07:56:01 UTC] PHP Notice:  wp_enqueue_script was called <strong>incorrectly</strong>. Scripts and styles should not be registered or enqueued until the <code>wp_enqueue_scripts</code>, <code>admin_enqueue_scripts</code>, or <code>login_enqueue_scripts</code> hooks. This notice was triggered by the <code>main</code> handle. Please see <a href="https://wordpress.org/support/article/debugging-in-wordpress/">Debugging in WordPress</a> for more information. (This message was added in version 3.3.0.) in /Users/jacob-ian/dev/gsquared-challenge/wp-includes/functions.php on line 5313
[22-Jul-2021 07:56:01 UTC] PHP Notice:  Undefined offset: 0 in /Users/jacob-ian/dev/gsquared-challenge/wp-includes/plugin.php on line 928
[22-Jul-2021 07:56:01 UTC] PHP Notice:  Undefined offset: 0 in /Users/jacob-ian/dev/gsquared-challenge/wp-includes/plugin.php on line 931
[22-Jul-2021 07:56:01 UTC] PHP Warning:  call_user_func_array() expects parameter 1 to be a valid callback, no array or string given in /Users/jacob-ian/dev/gsquared-challenge/wp-includes/class-wp-hook.php on line 292
